INFO:root:data source: https://www.statsmodels.org/devel/datasets/generated/randhie.html
INFO:root:
alpha = 0.
INFO:root:Statsmodels coefs:(-0.0525, -0.2471, 0.0353, -0.0346, 0.2717, 0.0339, -0.0126, 0.0541, 0.2061)
INFO:root:Sklearn coefs: (-0.0525, -0.2471, 0.0353, -0.0346, 0.2717, 0.0339, -0.0126, 0.0539, 0.2059)
INFO:root:
alpha = 1.
INFO:root:Sklearn coefs: (-0.0371, -0.0789, 0.0265, -0.0373, 0.0762, 0.0385, -0.0125, 0.0161, 0.0188)
INFO:root:Statsmodels coefs:(-0.0371, -0.0789, 0.0265, -0.0373, 0.0761, 0.0385, -0.0125, 0.016, 0.0188)
INFO:root:
alpha = [.1] * 9
INFO:root:Sklearn coefs: (-0.0491, -0.2033, 0.0336, -0.0356, 0.2215, 0.0356, -0.0189, 0.0389, 0.0948)
INFO:root:Statsmodels coefs:(-0.0491, -0.2034, 0.0336, -0.0356, 0.2214, 0.0356, -0.0189, 0.0388, 0.0949)
INFO:root:
alpha = [2.] + [.1] * 8
INFO:root:Sklearn coefs: (-0.0379, -0.1933, 0.0321, -0.0388, 0.2231, 0.0354, -0.0194, 0.0383, 0.0964)
INFO:root:Statsmodels coefs:(-0.0379, -0.1932, 0.0321, -0.0388, 0.223, 0.0355, -0.0194, 0.0383, 0.0964)
INFO:root:
Running 100 regressions using random weights and raise error if difference between sklearn and statsmodels is more than two decimal places
INFO:root:
Arrays are equal to 2 decimal places in 100 random trials
INFO:root:
Max absolute difference between coefficients in 100 is: 0.0003268762147201898
INFO:root:
List of max abs difference for the 100 random alpha arrays(5e-05, 9e-05, 0.000144, 2.8e-05, 4.5e-05, 7.8e-05, 9.2e-05, 1.2e-05, 0.000203, 1.4e-05, 1.5e-05, 0.00015, 3.9e-05, 0.000106, 2.6e-05, 5.4e-05, 2e-05, 5.7e-05, 2.1e-05, 0.000154, 5.4e-05, 0.000144, 3e-05, 8.6e-05, 7.1e-05, 4.6e-05, 7.7e-05, 1.7e-05, 5e-05, 5.9e-05, 9.9e-05, 9.9e-05, 5.5e-05, 0.000239, 3e-05, 0.00012, 1.5e-05, 6.4e-05, 0.000327, 7.3e-05, 6.6e-05, 7e-05, 8.9e-05, 4.7e-05, 5e-05, 4.2e-05, 3.4e-05, 8.6e-05, 5.5e-05, 2.2e-05, 9.1e-05, 2.8e-05, 1.9e-05, 5.3e-05, 0.000118, 9.7e-05, 3.3e-05, 0.000143, 3.4e-05, 1.7e-05, 1.2e-05, 8e-05, 1.5e-05, 6.9e-05, 9.2e-05, 1.2e-05, 6.2e-05, 3e-05, 0.000114, 6.7e-05, 5.7e-05, 1.8e-05, 3.2e-05, 2.7e-05, 0.000102, 1.8e-05, 0.000113, 4.2e-05, 0.000164, 6.2e-05, 0.00012, 4.1e-05, 0.000115, 0.000125, 4.3e-05, 6.2e-05, 0.00016, 4.9e-05, 7.2e-05, 2.4e-05, 2.8e-05, 4.4e-05, 3.6e-05, 7.6e-05, 1.8e-05, 2.6e-05, 8.1e-05, 3.5e-05, 5.7e-05, 1.1e-05)
INFO:root:
Any difference in estimations may be due to optimization method in sklearn uses lbfgs while Statsmodels uses bfgs
